4451 : 2025-11-07 06:56:47,831 : INFO : telemetry.main : Attempt start. Configuration directory [/home/kb223_2025_mmr/.azure]. Cache directory [/home/kb223_2025_mmr/.azure/telemetry/20251107065647692].
4451 : 2025-11-07 06:56:47,831 : INFO : telemetry.records : 1 cache files to upload.
4451 : 2025-11-07 06:56:47,831 : INFO : telemetry.records : Processed file /home/kb223_2025_mmr/.azure/telemetry/20251107065647692/cache into 1 records.
4451 : 2025-11-07 06:56:47,832 : INFO : telemetry.records : Remove directory /home/kb223_2025_mmr/.azure/telemetry/20251107065647692
4451 : 2025-11-07 06:56:47,832 : INFO : telemetry.client : Accumulated 1 events. Flush the clients.
4451 : 2025-11-07 06:56:47,832 : INFO : telemetry.client : Flush client c4395b75-49cc-422c-bc95-c7d51aef5d46.
4451 : 2025-11-07 06:56:48,004 : INFO : telemetry.sender : Sending 4416 bytes
4451 : 2025-11-07 06:56:48,004 : INFO : telemetry.sender : Finish uploading in 0.171775 seconds.
4475 : 2025-11-07 06:56:49,762 : INFO : telemetry.main : Attempt start. Configuration directory [/home/kb223_2025_mmr/.azure]. Cache directory [/home/kb223_2025_mmr/.azure/telemetry/20251107065649623].
4475 : 2025-11-07 06:56:49,762 : INFO : telemetry.records : 1 cache files to upload.
4475 : 2025-11-07 06:56:49,762 : INFO : telemetry.records : Processed file /home/kb223_2025_mmr/.azure/telemetry/20251107065649623/cache into 1 records.
4475 : 2025-11-07 06:56:49,763 : INFO : telemetry.records : Remove directory /home/kb223_2025_mmr/.azure/telemetry/20251107065649623
4475 : 2025-11-07 06:56:49,763 : INFO : telemetry.client : Accumulated 1 events. Flush the clients.
4475 : 2025-11-07 06:56:49,764 : INFO : telemetry.client : Flush client c4395b75-49cc-422c-bc95-c7d51aef5d46.
4475 : 2025-11-07 06:56:49,940 : INFO : telemetry.sender : Sending 4315 bytes
4475 : 2025-11-07 06:56:49,940 : INFO : telemetry.sender : Finish uploading in 0.176108 seconds.
4485 : 2025-11-07 06:56:50,188 : INFO : telemetry.main : Attempt start. Configuration directory [/home/kb223_2025_mmr/.azure]. Cache directory [/home/kb223_2025_mmr/.azure/telemetry/20251107065650061].
4485 : 2025-11-07 06:56:50,189 : INFO : telemetry.records : 1 cache files to upload.
4485 : 2025-11-07 06:56:50,189 : INFO : telemetry.records : Processed file /home/kb223_2025_mmr/.azure/telemetry/20251107065650061/cache into 1 records.
4485 : 2025-11-07 06:56:50,189 : INFO : telemetry.records : Remove directory /home/kb223_2025_mmr/.azure/telemetry/20251107065650061
4485 : 2025-11-07 06:56:50,190 : INFO : telemetry.client : Accumulated 1 events. Flush the clients.
4485 : 2025-11-07 06:56:50,190 : INFO : telemetry.client : Flush client c4395b75-49cc-422c-bc95-c7d51aef5d46.
4485 : 2025-11-07 06:56:50,348 : INFO : telemetry.sender : Sending 4397 bytes
4485 : 2025-11-07 06:56:50,349 : INFO : telemetry.sender : Finish uploading in 0.158505 seconds.
4519 : 2025-11-07 06:56:51,689 : INFO : telemetry.main : Attempt start. Configuration directory [/home/kb223_2025_mmr/.azure]. Cache directory [/home/kb223_2025_mmr/.azure/telemetry/20251107065651395].
4519 : 2025-11-07 06:56:51,689 : INFO : telemetry.records : 1 cache files to upload.
4519 : 2025-11-07 06:56:51,689 : INFO : telemetry.records : Processed file /home/kb223_2025_mmr/.azure/telemetry/20251107065651395/cache into 1 records.
4519 : 2025-11-07 06:56:51,689 : INFO : telemetry.records : Remove directory /home/kb223_2025_mmr/.azure/telemetry/20251107065651395
4519 : 2025-11-07 06:56:51,690 : INFO : telemetry.client : Accumulated 1 events. Flush the clients.
4519 : 2025-11-07 06:56:51,690 : INFO : telemetry.client : Flush client c4395b75-49cc-422c-bc95-c7d51aef5d46.
4519 : 2025-11-07 06:56:51,843 : INFO : telemetry.sender : Sending 4429 bytes
4519 : 2025-11-07 06:56:51,844 : INFO : telemetry.sender : Finish uploading in 0.153363 seconds.
5352 : 2025-11-07 07:22:49,458 : INFO : telemetry.main : Attempt start. Configuration directory [/home/kb223_2025_mmr/.azure]. Cache directory [/home/kb223_2025_mmr/.azure/telemetry/20251107072249345].
5352 : 2025-11-07 07:22:49,458 : INFO : telemetry.records : 1 cache files to upload.
5352 : 2025-11-07 07:22:49,459 : INFO : telemetry.records : Processed file /home/kb223_2025_mmr/.azure/telemetry/20251107072249345/cache into 1 records.
5352 : 2025-11-07 07:22:49,459 : INFO : telemetry.records : Remove directory /home/kb223_2025_mmr/.azure/telemetry/20251107072249345
5352 : 2025-11-07 07:22:49,459 : INFO : telemetry.client : Accumulated 1 events. Flush the clients.
5352 : 2025-11-07 07:22:49,460 : INFO : telemetry.client : Flush client c4395b75-49cc-422c-bc95-c7d51aef5d46.
5352 : 2025-11-07 07:22:49,606 : INFO : telemetry.sender : Sending 4415 bytes
5352 : 2025-11-07 07:22:49,606 : INFO : telemetry.sender : Finish uploading in 0.146280 seconds.
5377 : 2025-11-07 07:23:26,840 : INFO : telemetry.main : Attempt start. Configuration directory [/home/kb223_2025_mmr/.azure]. Cache directory [/home/kb223_2025_mmr/.azure/telemetry/20251107072326714].
5377 : 2025-11-07 07:23:26,840 : INFO : telemetry.records : 1 cache files to upload.
5377 : 2025-11-07 07:23:26,840 : INFO : telemetry.records : Processed file /home/kb223_2025_mmr/.azure/telemetry/20251107072326714/cache into 1 records.
5377 : 2025-11-07 07:23:26,840 : INFO : telemetry.records : Remove directory /home/kb223_2025_mmr/.azure/telemetry/20251107072326714
5377 : 2025-11-07 07:23:26,841 : INFO : telemetry.client : Accumulated 1 events. Flush the clients.
5377 : 2025-11-07 07:23:26,841 : INFO : telemetry.client : Flush client c4395b75-49cc-422c-bc95-c7d51aef5d46.
5377 : 2025-11-07 07:23:26,980 : INFO : telemetry.sender : Sending 4508 bytes
5377 : 2025-11-07 07:23:26,980 : INFO : telemetry.sender : Finish uploading in 0.138864 seconds.
5428 : 2025-11-07 07:24:21,153 : INFO : telemetry.main : Attempt start. Configuration directory [/home/kb223_2025_mmr/.azure]. Cache directory [/home/kb223_2025_mmr/.azure/telemetry/20251107072421011].
5428 : 2025-11-07 07:24:21,153 : INFO : telemetry.records : 1 cache files to upload.
5428 : 2025-11-07 07:24:21,154 : INFO : telemetry.records : Processed file /home/kb223_2025_mmr/.azure/telemetry/20251107072421011/cache into 1 records.
5428 : 2025-11-07 07:24:21,154 : INFO : telemetry.records : Remove directory /home/kb223_2025_mmr/.azure/telemetry/20251107072421011
5428 : 2025-11-07 07:24:21,154 : INFO : telemetry.client : Accumulated 1 events. Flush the clients.
5428 : 2025-11-07 07:24:21,154 : INFO : telemetry.client : Flush client c4395b75-49cc-422c-bc95-c7d51aef5d46.
5428 : 2025-11-07 07:24:21,276 : INFO : telemetry.sender : Sending 4413 bytes
5428 : 2025-11-07 07:24:21,276 : INFO : telemetry.sender : Finish uploading in 0.121527 seconds.
5455 : 2025-11-07 07:24:53,471 : INFO : telemetry.main : Attempt start. Configuration directory [/home/kb223_2025_mmr/.azure]. Cache directory [/home/kb223_2025_mmr/.azure/telemetry/20251107072453342].
5455 : 2025-11-07 07:24:53,471 : INFO : telemetry.records : 1 cache files to upload.
5455 : 2025-11-07 07:24:53,472 : INFO : telemetry.records : Processed file /home/kb223_2025_mmr/.azure/telemetry/20251107072453342/cache into 1 records.
5455 : 2025-11-07 07:24:53,472 : INFO : telemetry.records : Remove directory /home/kb223_2025_mmr/.azure/telemetry/20251107072453342
5455 : 2025-11-07 07:24:53,472 : INFO : telemetry.client : Accumulated 1 events. Flush the clients.
5455 : 2025-11-07 07:24:53,473 : INFO : telemetry.client : Flush client c4395b75-49cc-422c-bc95-c7d51aef5d46.
5455 : 2025-11-07 07:24:53,630 : INFO : telemetry.sender : Sending 4593 bytes
5455 : 2025-11-07 07:24:53,631 : INFO : telemetry.sender : Finish uploading in 0.157795 seconds.
5486 : 2025-11-07 07:25:31,047 : INFO : telemetry.main : Attempt start. Configuration directory [/home/kb223_2025_mmr/.azure]. Cache directory [/home/kb223_2025_mmr/.azure/telemetry/20251107072530900].
5486 : 2025-11-07 07:25:31,047 : INFO : telemetry.records : 1 cache files to upload.
5486 : 2025-11-07 07:25:31,047 : INFO : telemetry.records : Processed file /home/kb223_2025_mmr/.azure/telemetry/20251107072530900/cache into 1 records.
5486 : 2025-11-07 07:25:31,047 : INFO : telemetry.records : Remove directory /home/kb223_2025_mmr/.azure/telemetry/20251107072530900
5486 : 2025-11-07 07:25:31,048 : INFO : telemetry.client : Accumulated 1 events. Flush the clients.
5486 : 2025-11-07 07:25:31,048 : INFO : telemetry.client : Flush client c4395b75-49cc-422c-bc95-c7d51aef5d46.
5486 : 2025-11-07 07:25:31,350 : INFO : telemetry.sender : Sending 4434 bytes
5486 : 2025-11-07 07:25:31,350 : INFO : telemetry.sender : Finish uploading in 0.301638 seconds.
5534 : 2025-11-07 07:26:27,653 : INFO : telemetry.main : Attempt start. Configuration directory [/home/kb223_2025_mmr/.azure]. Cache directory [/home/kb223_2025_mmr/.azure/telemetry/20251107072627485].
5534 : 2025-11-07 07:26:27,653 : INFO : telemetry.records : 1 cache files to upload.
5534 : 2025-11-07 07:26:27,654 : INFO : telemetry.records : Processed file /home/kb223_2025_mmr/.azure/telemetry/20251107072627485/cache into 1 records.
5534 : 2025-11-07 07:26:27,654 : INFO : telemetry.records : Remove directory /home/kb223_2025_mmr/.azure/telemetry/20251107072627485
5534 : 2025-11-07 07:26:27,656 : INFO : telemetry.client : Accumulated 1 events. Flush the clients.
5534 : 2025-11-07 07:26:27,656 : INFO : telemetry.client : Flush client c4395b75-49cc-422c-bc95-c7d51aef5d46.
5534 : 2025-11-07 07:26:27,778 : INFO : telemetry.sender : Sending 4421 bytes
5534 : 2025-11-07 07:26:27,778 : INFO : telemetry.sender : Finish uploading in 0.121598 seconds.
5669 : 2025-11-07 07:30:24,536 : INFO : telemetry.main : Attempt start. Configuration directory [/home/kb223_2025_mmr/.azure]. Cache directory [/home/kb223_2025_mmr/.azure/telemetry/20251107073024402].
5669 : 2025-11-07 07:30:24,536 : INFO : telemetry.records : 1 cache files to upload.
5669 : 2025-11-07 07:30:24,536 : INFO : telemetry.records : Processed file /home/kb223_2025_mmr/.azure/telemetry/20251107073024402/cache into 1 records.
5669 : 2025-11-07 07:30:24,536 : INFO : telemetry.records : Remove directory /home/kb223_2025_mmr/.azure/telemetry/20251107073024402
5669 : 2025-11-07 07:30:24,537 : INFO : telemetry.client : Accumulated 1 events. Flush the clients.
5669 : 2025-11-07 07:30:24,537 : INFO : telemetry.client : Flush client c4395b75-49cc-422c-bc95-c7d51aef5d46.
5669 : 2025-11-07 07:30:24,676 : INFO : telemetry.sender : Sending 4441 bytes
5669 : 2025-11-07 07:30:24,676 : INFO : telemetry.sender : Finish uploading in 0.138435 seconds.
5850 : 2025-11-07 07:34:22,353 : INFO : telemetry.main : Attempt start. Configuration directory [/home/kb223_2025_mmr/.azure]. Cache directory [/home/kb223_2025_mmr/.azure/telemetry/20251107073422172].
5850 : 2025-11-07 07:34:22,353 : INFO : telemetry.records : 1 cache files to upload.
5850 : 2025-11-07 07:34:22,353 : INFO : telemetry.records : Processed file /home/kb223_2025_mmr/.azure/telemetry/20251107073422172/cache into 1 records.
5850 : 2025-11-07 07:34:22,354 : INFO : telemetry.records : Remove directory /home/kb223_2025_mmr/.azure/telemetry/20251107073422172
5850 : 2025-11-07 07:34:22,354 : INFO : telemetry.client : Accumulated 1 events. Flush the clients.
5850 : 2025-11-07 07:34:22,354 : INFO : telemetry.client : Flush client c4395b75-49cc-422c-bc95-c7d51aef5d46.
5850 : 2025-11-07 07:34:22,485 : INFO : telemetry.sender : Sending 4404 bytes
5850 : 2025-11-07 07:34:22,485 : INFO : telemetry.sender : Finish uploading in 0.130656 seconds.
5865 : 2025-11-07 07:34:35,141 : INFO : telemetry.main : Attempt start. Configuration directory [/home/kb223_2025_mmr/.azure]. Cache directory [/home/kb223_2025_mmr/.azure/telemetry/20251107073435012].
5865 : 2025-11-07 07:34:35,141 : INFO : telemetry.records : 1 cache files to upload.
5865 : 2025-11-07 07:34:35,141 : INFO : telemetry.records : Processed file /home/kb223_2025_mmr/.azure/telemetry/20251107073435012/cache into 1 records.
5865 : 2025-11-07 07:34:35,141 : INFO : telemetry.records : Remove directory /home/kb223_2025_mmr/.azure/telemetry/20251107073435012
5865 : 2025-11-07 07:34:35,142 : INFO : telemetry.client : Accumulated 1 events. Flush the clients.
5865 : 2025-11-07 07:34:35,142 : INFO : telemetry.client : Flush client c4395b75-49cc-422c-bc95-c7d51aef5d46.
5865 : 2025-11-07 07:34:35,274 : INFO : telemetry.sender : Sending 4419 bytes
5865 : 2025-11-07 07:34:35,274 : INFO : telemetry.sender : Finish uploading in 0.132027 seconds.
